<?xml version="1.0" encoding="UTF-8"?>
<testsuite xmlns:xsi="http://www.w3.org/2001/XMLSchema-instance" xsi:noNamespaceSchemaLocation="https://maven.apache.org/surefire/maven-surefire-plugin/xsd/surefire-test-report.xsd" version="3.0.2" name="TestSuite" time="13.599" tests="4" errors="0" skipped="0" failures="0">
  <properties>
[...]
</properties>
  <testcase name="testPostUser" classname="tests.UserTests2" time="3.766">
    <system-out><![CDATA[HTTP/1.1 200 OK
Date: Tue, 11 Nov 2025 12:13:40 GMT
Content-Type: application/json
Transfer-Encoding: chunked
Connection: keep-alive
Access-Control-Allow-Origin: *
Access-Control-Allow-Methods: GET, POST, DELETE, PUT
Access-Control-Allow-Headers: Content-Type, api_key, Authorization
Server: Jetty(9.2.9.v20150224)

{
    "code": 200,
    "type": "unknown",
    "message": "718571091"
}
]]></system-out>
    <system-err><![CDATA[SLF4J(W): No SLF4J providers were found.
SLF4J(W): Defaulting to no-operation (NOP) logger implementation
SLF4J(W): See https://www.slf4j.org/codes.html#noProviders for further details.
]]></system-err>
  </testcase>
  <testcase name="testGetUserByName" classname="tests.UserTests2" time="2.323">
    <system-out><![CDATA[HTTP/1.1 200 OK
Date: Tue, 11 Nov 2025 12:13:43 GMT
Content-Type: application/json
Transfer-Encoding: chunked
Connection: keep-alive
Access-Control-Allow-Origin: *
Access-Control-Allow-Methods: GET, POST, DELETE, PUT
Access-Control-Allow-Headers: Content-Type, api_key, Authorization
Server: Jetty(9.2.9.v20150224)

{
    "id": 718571091,
    "username": "eugena.koss",
    "firstName": "Dale",
    "lastName": "McGlynn",
    "email": "harley.mclaughlin@example.com",
    "password": "ps9bsao",
    "phone": "1-320-370-7246",
    "userStatus": 0
}
]]></system-out>
  </testcase>
  <testcase name="testUpdateUserByName" classname="tests.UserTests2" time="3.886">
    <system-out><![CDATA[{
    "code": 200,
    "type": "unknown",
    "message": "718571091"
}
]]></system-out>
  </testcase>
  <testcase name="testDeleteUserByName" classname="tests.UserTests2" time="2.25"/>
</testsuite>