<?xml version="1.0" encoding="UTF-8"?>
<testng-results ignored="0" total="4" passed="4" failed="0" skipped="0">
  <reporter-output>
  </reporter-output>
  <suite started-at="2025-11-11T22:13:36 AEST" name="PetSuite" finished-at="2025-11-11T22:13:49 AEST" duration-ms="12925">
    <groups>
    </groups>
    <test started-at="2025-11-11T22:13:36 AEST" name="PetTests" finished-at="2025-11-11T22:13:49 AEST" duration-ms="12925">
      <class name="tests.UserTests2">
        <test-method is-config="true" signature="setup()[pri:0, instance:tests.UserTests2@1e1a0406]" started-at="2025-11-11T22:13:36 AEST" name="setup" finished-at="2025-11-11T22:13:37 AEST" duration-ms="647" status="PASS">
          <reporter-output>
          </reporter-output>
        </test-method> <!-- setup -->
        <test-method signature="testPostUser()[pri:1, instance:tests.UserTests2@1e1a0406]" started-at="2025-11-11T22:13:37 AEST" name="testPostUser" finished-at="2025-11-11T22:13:40 AEST" duration-ms="3713" status="PASS">
          <reporter-output>
          </reporter-output>
        </test-method> <!-- testPostUser -->
        <test-method signature="testGetUserByName()[pri:2, instance:tests.UserTests2@1e1a0406]" started-at="2025-11-11T22:13:41 AEST" name="testGetUserByName" finished-at="2025-11-11T22:13:43 AEST" duration-ms="2335" status="PASS">
          <reporter-output>
          </reporter-output>
        </test-method> <!-- testGetUserByName -->
        <test-method signature="testUpdateUserByName()[pri:3, instance:tests.UserTests2@1e1a0406]" started-at="2025-11-11T22:13:43 AEST" name="testUpdateUserByName" finished-at="2025-11-11T22:13:47 AEST" duration-ms="3882" status="PASS">
          <reporter-output>
          </reporter-output>
        </test-method> <!-- testUpdateUserByName -->
        <test-method signature="testDeleteUserByName()[pri:4, instance:tests.UserTests2@1e1a0406]" started-at="2025-11-11T22:13:47 AEST" name="testDeleteUserByName" finished-at="2025-11-11T22:13:49 AEST" duration-ms="2249" status="PASS">
          <reporter-output>
          </reporter-output>
        </test-method> <!-- testDeleteUserByName -->
      </class> <!-- tests.UserTests2 -->
    </test> <!-- PetTests -->
  </suite> <!-- PetSuite -->
</testng-results>
