<?xml version="1.0" encoding="UTF-8"?>
<!-- Generated by org.testng.reporters.JUnitXMLReporter -->
<testsuite ignored="0" hostname="Vinayshs-MacBook-Pro.local" failures="0" tests="4" name="PetTests" time="12.925" errors="0" timestamp="2025-11-11T22:13:49 AEST">
  <testcase classname="tests.UserTests2" name="testPostUser" time="3.713"/>
  <testcase classname="tests.UserTests2" name="testGetUserByName" time="2.335"/>
  <testcase classname="tests.UserTests2" name="testUpdateUserByName" time="3.882"/>
  <testcase classname="tests.UserTests2" name="testDeleteUserByName" time="2.249"/>
</testsuite> <!-- PetTests -->
